a	A 	1000
ä	atréma	1000
â	aaccencirconflex	1000
à	aaccentaigü	1000
b	b 	2000
c	c	3000
ç	cécédille	3000
d	d	3000
e	e	2000
é	é	2000
è	è	2000
ê	euaccencirconflex	2000
ë	eutréma	2000
¤	euro	2000
f	f	7000	
g	g	5000
h	h	5000
i	i	5000
ï	itréma	5000
î	ihaccencirconflex	5000
j	j	4000
k	k	5000
l	l	3000
m	m	1000
n	n	1000
o	o	4000
p	p	5000
q	q	4000
r	r	6000
s	s	2000
t	t	5000
u	u	5000
ù	uaccentaigü	5000
û	uaccencirconflex	5000
ü	utréma	5000
µ	micron	5000
v	v	5000
w	w	5000
x	x	2000
y	y	4000
z	z	4000
A	A 	1000
Ä	Ä	1000
B	B 	2000
C	C	3000
Ç	cécédille	3000
D	D	3000
E	E	2000
É	É	2000
F	F	7000	
G	G	5000
H	H	5000
I	I	5000
J	J	4000
K	K	5000
L	L	3000
M	M	1000
N	N	1000
O	O	4000
P	P	5000
Q	Q	4000
R	R	6000
S	S	2000
T	T	5000
U	U	5000
V	V	5000
W	W	5000
X	X	2000
Y	Y	4000
Z	Z	4000
1	1	4000
2	2	4000
3	3	5000
4	4	7000
5	5	5000
6	6	2000
7	7	5000
8	8	0000
9	9	5000
0	0	1000
£	livre	2000
§	paragraphe	2000
°	degré	2000
dollar	dollar	2000
pound	dièse	2000
at	arobase	2000
exclamation poindexclamation 2000
slash 	slash	2200
percent	pourcent	2000
caret	chapeau	2000
ampersand	écommercial	2000
star	étoile	2000
dash	tiret	2000
underscore	souligné	2000
plus	plus	2000
equals	égal	2000
backslash	antislash	2000
pipe	barreverticale	2000
period	point	2000
comma	virgule	2000
semi	poinvirgule	2000
colon	deupoin	2000
apostrophe	apostrophe	2000
quotes	guillemet	2000
questionmark	poindinterrogation	2000
backquote	accengrave	2000
tilde	tildé	2000
space	espace	2000
tab	tabulation	2000
newline	retouralaligne	2000
dot	point	2000
