a	A 	1000
b	b 	2000
c	c	3000
d	d	3000
e	e	2000
f	f	7000	
g	g	5000
h	h	5000
i	i	5000
j	j	4000
k	k	5000
l	l	3000
m	m	1000
n	n	1000
o	o	4000
ö	ö	4000
p	p	5000
q	q	4000
r	r	6000
s	s	2000
ß	ß	2000
t	t	5000
u	u	5000
ü	ü	5000
v	v	5000
w	w	5000
x	x	2000
y	y	4000
z	z	4000
A	A 	1000
B	B 	2000
C	C	3000
D	D	3000
E	E	2000
F	F	7000	
G	G	5000
H	H	5000
I	I	5000
J	J	4000
K	K	5000
L	L	3000
M	M	1000
N	N	1000
O	O	4000
Ö	Ö	4000
P	P	5000
Q	Q	4000
R	R	6000
S	S	2000
T	T	5000
U	U	5000
Ü	Ü	5000
V	V	5000
W	W	5000
X	X	2000
Y	Y	4000
Z	Z	4000
1	eins	4000
2	zwei	4000
3	drei	5000
4	vier	7000
5	fuenf	5000
6	sechs	2000
7	sieben	5000
8	acht	0000
9	neun	5000
0	null	1000
dollar	Dollar	2000
pound	Pfund	2000
at	KommerziellesAt	2000
exclamation	Ausrufezeichen	2000
slash 	Slesch	2200
percent	Prozent	2000
caret	Karet	2000
ampersand	KaufmaennischUnd	2000
star	Stern	2000
dash	Strich	2000
underscore	Unterstrich	2000
plus	Plus	2000
equals	Gleich	2000
backslash	Beckslesch	2000
pipe	Paip	2000
period	Punkt	2000
comma	Komma	2000
semi	Strichpunkt	2000
colon	Doppelpunkt	2000
apostrophe	Apostroph	2000
quotes	Anfuehrungszeichen	2000
questionmark	Fragezeichen	2000
backquote	Beckquout	2000
tilde	Tilde	2000
space	Leerschlag	2000
tab	Tabulator	2000
newline	NeueZeile	2000
dot	Punkt	2000
