a	A 	1000
b	b 	2000
c	c	3000
d	d	3000
e	e	2000
f	f	7000	
g	g	5000
h	h	5000
i	i	5000
j	j	4000
k	k	5000
l	l	3000
m	m	1000
n	n	1000
o	o	4000
p	p	5000
q	q	4000
r	r	6000
s	s	2000
t	t	5000
u	u	5000
v	v	5000
w	w	5000
x	x	2000
y	y	4000
z	z	4000
A	A 	1000
B	B 	2000
C	C	3000
D	D	3000
E	E	2000
F	F	7000	
G	G	5000
H	H	5000
I	I	5000
J	J	4000
K	K	5000
L	L	3000
M	M	1000
N	N	1000
O	O	4000
P	P	5000
Q	Q	4000
R	R	6000
S	S	2000
T	T	5000
U	U	5000
V	V	5000
W	W	5000
X	X	2000
Y	Y	4000
Z	Z	4000
1	1	4000
2	2	4000
3	3	5000
4	4	7000
5	5	5000
6	6	2000
7	7	5000
8	8	0000
9	9	5000
0	0	1000
dollar	dollar	2000
pound	pound	2000
at	at	2000
exclamation exclamation 2000
slash 	slash	2200
percent	percent	2000
caret	caret	2000
ampersand	ampersand	2000
star	star	2000
dash	dash	2000
underscore	underscore	2000
plus	plus	2000
equals	equals	2000
backslash	backslash	2000
pipe	pipe	2000
period	period	2000
comma	comma	2000
semi	semi	2000
colon	colon	2000
apostrophe	apostrophe	2000
quotes	quotes	2000
questionmark	questionmark	2000
backquote	backquote	2000
tilde	tilde	2000
space	space	2000
tab	tab	2000
newline	newline	2000
dot	dot	2000
