a	a 	1000
á	á	1000
â	â	1000
ã	ã	1000
à	à	1000
b	b 	2000
c	c	3000
ç	cedilha	3000
d	d	3000
e	e	2000
é	é	2000
ê	ê	2000
f	f	7000	
g	g	5000
h	h	5000
i	i	5000
í	í	5000
j	j	4000
k	k	5000
l	l	3000
m	m	1000
n	n	1000
o	o	4000
ó	ó	4000
ô	ô	4000
õ	õ	4000
p	p	5000
q	q	4000
r	r	6000
s	s	2000
t	t	5000
u	u	5000
ú	ú	5000
ü	ü	5000
v	v	5000
w	w	5000
x	x	2000
y	y	4000
z	z	4000
A	A 	1000
Á	Á	1000
Â	Â	1000
Ã	Ã	1000
À	À	1000
B	B 	2000
C	C	3000
Ç	Ç	3000
D	D	3000
E	E	2000
É	É	2000
Ê	Ê	2000
F	F	7000	
G	G	5000
H	H	5000
I	I	5000
Í	Í	5000
J	J	4000
K	K	5000
L	L	3000
M	M	1000
N	N	1000
O	O	4000
Ó	Ó	4000
Ô	Ô	4000
Õ	Õ	4000
P	P	5000
Q	Q	4000
R	R	6000
S	S	2000
T	T	5000
U	U	5000
Ú	Ú	5000
Ü	Ü	5000
V	V	5000
W	W	5000
X	X	2000
Y	Y	4000
Z	Z	4000
1	um	4000
2	dois	4000
3	três	5000
4	quatro	7000
5	cinco	5000
6	seis	2000
7	sete	5000
8	oito	0000
9	nove	5000
0	zero	1000
dollar	cifrão	2000
pound	sustenido	2000
at	arroba	2000
exclamation exclamação 2000
slash 	barra	2200
percent	porcento	2000
caret	chapéu	2000
ampersand	ecomercial	2000
star	asterísco	2000
dash	traço	2000
underscore	sustenido	2000
plus	mais	2000
equals	igual	2000
backslash	barraInvertida	2000
pipe	barraVertical	2000
period	ponto	2000
comma	vírgula	2000
semi	pontoEvírgula	2000
colon	doisPontos	2000
apostrophe	apóstrofo	2000
quotes	áspas	2000
questionmark	interrogação	2000
backquote	acento	2000
tilde	til	2000
space	espaço	2000
tab	tab	2000
newline	novalinha	2000
dot	ponto	2000
